0 info it worked if it ends with ok
1 verbose cli [ '/Users/mairead/.nvm/v0.10.32/bin/node',
1 verbose cli   '/Users/mairead/.nvm/v0.10.32/bin/npm',
1 verbose cli   'install',
1 verbose cli   'save-dev',
1 verbose cli   'phantomjs' ]
2 info using npm@1.4.28
3 info using node@v0.10.32
4 verbose readDependencies using package.json deps
5 verbose cache add [ 'save-dev', null ]
6 verbose cache add name=undefined spec="save-dev" args=["save-dev",null]
7 verbose parsed url { protocol: null,
7 verbose parsed url   slashes: null,
7 verbose parsed url   auth: null,
7 verbose parsed url   host: null,
7 verbose parsed url   port: null,
7 verbose parsed url   hostname: null,
7 verbose parsed url   hash: null,
7 verbose parsed url   search: null,
7 verbose parsed url   query: null,
7 verbose parsed url   pathname: 'save-dev',
7 verbose parsed url   path: 'save-dev',
7 verbose parsed url   href: 'save-dev' }
8 verbose cache add [ 'phantomjs', null ]
9 verbose cache add name=undefined spec="phantomjs" args=["phantomjs",null]
10 verbose parsed url { protocol: null,
10 verbose parsed url   slashes: null,
10 verbose parsed url   auth: null,
10 verbose parsed url   host: null,
10 verbose parsed url   port: null,
10 verbose parsed url   hostname: null,
10 verbose parsed url   hash: null,
10 verbose parsed url   search: null,
10 verbose parsed url   query: null,
10 verbose parsed url   pathname: 'phantomjs',
10 verbose parsed url   path: 'phantomjs',
10 verbose parsed url   href: 'phantomjs' }
11 silly lockFile 80ff035d-save-dev save-dev
12 verbose lock save-dev /Users/mairead/.npm/80ff035d-save-dev.lock
13 silly lockFile 30d7cd7d-phantomjs phantomjs
14 verbose lock phantomjs /Users/mairead/.npm/30d7cd7d-phantomjs.lock
15 silly lockFile 80ff035d-save-dev save-dev
16 silly lockFile 80ff035d-save-dev save-dev
17 silly lockFile 30d7cd7d-phantomjs phantomjs
18 silly lockFile 30d7cd7d-phantomjs phantomjs
19 verbose addNamed [ 'save-dev', '' ]
20 verbose addNamed [ null, '*' ]
21 silly lockFile e7602a59-save-dev save-dev@
22 verbose lock save-dev@ /Users/mairead/.npm/e7602a59-save-dev.lock
23 verbose addNamed [ 'phantomjs', '' ]
24 verbose addNamed [ null, '*' ]
25 silly lockFile 29cf7fd6-phantomjs phantomjs@
26 verbose lock phantomjs@ /Users/mairead/.npm/29cf7fd6-phantomjs.lock
27 silly addNameRange { name: 'save-dev', range: '*', hasData: false }
28 silly addNameRange { name: 'phantomjs', range: '*', hasData: false }
29 verbose request where is /save-dev
30 verbose request registry https://registry.npmjs.org/
31 verbose request id 3b65d5b6f23f5780
32 verbose url raw /save-dev
33 verbose url resolving [ 'https://registry.npmjs.org/', './save-dev' ]
34 verbose url resolved https://registry.npmjs.org/save-dev
35 verbose request where is https://registry.npmjs.org/save-dev
36 info trying registry request attempt 1 at 09:58:23
37 http GET https://registry.npmjs.org/save-dev
38 verbose request where is /phantomjs
39 verbose request registry https://registry.npmjs.org/
40 verbose url raw /phantomjs
41 verbose url resolving [ 'https://registry.npmjs.org/', './phantomjs' ]
42 verbose url resolved https://registry.npmjs.org/phantomjs
43 verbose request where is https://registry.npmjs.org/phantomjs
44 info trying registry request attempt 1 at 09:58:23
45 verbose etag "8NIZ871FUZNC08SEZQ4IEQ77K"
46 http GET https://registry.npmjs.org/phantomjs
47 http 200 https://registry.npmjs.org/phantomjs
48 silly registry.get cb [ 200,
48 silly registry.get   { date: 'Thu, 18 Dec 2014 09:58:23 GMT',
48 silly registry.get     server: 'CouchDB/1.5.0 (Erlang OTP/R14B04)',
48 silly registry.get     etag: '"EP05D99XRQY6URX8G7VEFT43U"',
48 silly registry.get     'content-type': 'application/json',
48 silly registry.get     'cache-control': 'max-age=60',
48 silly registry.get     'content-length': '89608',
48 silly registry.get     'accept-ranges': 'bytes',
48 silly registry.get     via: '1.1 varnish',
48 silly registry.get     age: '31',
48 silly registry.get     'x-served-by': 'cache-lcy1127-LCY',
48 silly registry.get     'x-cache': 'HIT',
48 silly registry.get     'x-cache-hits': '1',
48 silly registry.get     'x-timer': 'S1418896703.695440,VS0,VE0',
48 silly registry.get     vary: 'Accept',
48 silly registry.get     'keep-alive': 'timeout=10, max=50',
48 silly registry.get     connection: 'Keep-Alive' } ]
49 silly addNameRange number 2 { name: 'phantomjs', range: '*', hasData: true }
50 silly addNameRange versions [ 'phantomjs',
50 silly addNameRange   [ '0.0.1',
50 silly addNameRange     '0.0.2',
50 silly addNameRange     '0.0.3',
50 silly addNameRange     '0.0.4',
50 silly addNameRange     '0.0.5',
50 silly addNameRange     '0.0.6',
50 silly addNameRange     '0.0.7',
50 silly addNameRange     '0.0.8',
50 silly addNameRange     '0.0.9',
50 silly addNameRange     '0.1.0',
50 silly addNameRange     '0.1.1',
50 silly addNameRange     '0.2.0',
50 silly addNameRange     '0.2.1',
50 silly addNameRange     '0.2.2',
50 silly addNameRange     '0.2.3',
50 silly addNameRange     '0.2.4',
50 silly addNameRange     '0.2.5',
50 silly addNameRange     '0.2.6',
50 silly addNameRange     '1.8.0-1',
50 silly addNameRange     '1.8.1-1',
50 silly addNameRange     '1.8.1-2',
50 silly addNameRange     '1.8.1-3',
50 silly addNameRange     '1.8.2-0',
50 silly addNameRange     '1.8.2-1',
50 silly addNameRange     '1.8.2-2',
50 silly addNameRange     '1.9.0-0',
50 silly addNameRange     '1.9.0-1',
50 silly addNameRange     '1.9.0-2',
50 silly addNameRange     '1.9.0-3',
50 silly addNameRange     '1.9.0-4',
50 silly addNameRange     '1.9.0-5',
50 silly addNameRange     '1.9.0-6',
50 silly addNameRange     '1.9.1-0',
50 silly addNameRange     '1.9.1-2',
50 silly addNameRange     '1.9.1-3',
50 silly addNameRange     '1.9.1-4',
50 silly addNameRange     '1.9.1-5',
50 silly addNameRange     '1.9.1-6',
50 silly addNameRange     '1.9.1-7',
50 silly addNameRange     '1.9.1-8',
50 silly addNameRange     '1.9.1-9',
50 silly addNameRange     '1.9.2-0',
50 silly addNameRange     '1.9.2-1',
50 silly addNameRange     '1.9.2-2',
50 silly addNameRange     '1.9.2-3',
50 silly addNameRange     '1.9.2-4',
50 silly addNameRange     '1.9.2-5',
50 silly addNameRange     '1.9.2-6',
50 silly addNameRange     '1.9.6-0',
50 silly addNameRange     '1.9.7-1',
50 silly addNameRange     '1.9.7-3',
50 silly addNameRange     '1.9.7-4',
50 silly addNameRange     '1.9.7-5',
50 silly addNameRange     '1.9.7-6',
50 silly addNameRange     '1.9.7-7',
50 silly addNameRange     '1.9.7-8',
50 silly addNameRange     '1.9.7-9',
50 silly addNameRange     '1.9.7-10',
50 silly addNameRange     '1.9.7-11',
50 silly addNameRange     '1.9.7-12',
50 silly addNameRange     '1.9.7-13',
50 silly addNameRange     '1.9.7-14',
50 silly addNameRange     '1.9.7-15',
50 silly addNameRange     '1.8.2-3',
50 silly addNameRange     '1.9.8',
50 silly addNameRange     '1.9.9',
50 silly addNameRange     '1.9.10',
50 silly addNameRange     '1.9.11',
50 silly addNameRange     '1.9.12' ] ]
51 verbose addNamed [ 'phantomjs', '1.9.12' ]
52 verbose addNamed [ '1.9.12', '1.9.12' ]
53 silly lockFile ad41401c-phantomjs-1-9-12 phantomjs@1.9.12
54 verbose lock phantomjs@1.9.12 /Users/mairead/.npm/ad41401c-phantomjs-1-9-12.lock
55 silly lockFile ad41401c-phantomjs-1-9-12 phantomjs@1.9.12
56 silly lockFile ad41401c-phantomjs-1-9-12 phantomjs@1.9.12
57 silly lockFile 29cf7fd6-phantomjs phantomjs@
58 silly lockFile 29cf7fd6-phantomjs phantomjs@
59 http 404 https://registry.npmjs.org/save-dev
60 verbose headers { date: 'Thu, 18 Dec 2014 09:58:24 GMT',
60 verbose headers   server: 'CouchDB/1.5.0 (Erlang OTP/R16B03)',
60 verbose headers   'content-type': 'application/json',
60 verbose headers   'cache-control': 'max-age=0',
60 verbose headers   'content-length': '52',
60 verbose headers   'accept-ranges': 'bytes',
60 verbose headers   via: '1.1 varnish',
60 verbose headers   age: '0',
60 verbose headers   'x-served-by': 'cache-lcy1122-LCY',
60 verbose headers   'x-cache': 'MISS',
60 verbose headers   'x-cache-hits': '0',
60 verbose headers   'x-timer': 'S1418896703.696636,VS0,VE640',
60 verbose headers   'keep-alive': 'timeout=10, max=50',
60 verbose headers   connection: 'Keep-Alive' }
61 silly registry.get cb [ 404,
61 silly registry.get   { date: 'Thu, 18 Dec 2014 09:58:24 GMT',
61 silly registry.get     server: 'CouchDB/1.5.0 (Erlang OTP/R16B03)',
61 silly registry.get     'content-type': 'application/json',
61 silly registry.get     'cache-control': 'max-age=0',
61 silly registry.get     'content-length': '52',
61 silly registry.get     'accept-ranges': 'bytes',
61 silly registry.get     via: '1.1 varnish',
61 silly registry.get     age: '0',
61 silly registry.get     'x-served-by': 'cache-lcy1122-LCY',
61 silly registry.get     'x-cache': 'MISS',
61 silly registry.get     'x-cache-hits': '0',
61 silly registry.get     'x-timer': 'S1418896703.696636,VS0,VE640',
61 silly registry.get     'keep-alive': 'timeout=10, max=50',
61 silly registry.get     connection: 'Keep-Alive' } ]
62 silly lockFile e7602a59-save-dev save-dev@
63 silly lockFile e7602a59-save-dev save-dev@
64 error 404 404 Not Found: save-dev
64 error 404
64 error 404 'save-dev' is not in the npm registry.
64 error 404 You should bug the author to publish it
64 error 404 It was specified as a dependency of 'emdeebeebee'
64 error 404
64 error 404 Note that you can also install from a
64 error 404 tarball, folder, or http url, or git url.
65 error System Darwin 14.0.0
66 error command "/Users/mairead/.nvm/v0.10.32/bin/node" "/Users/mairead/.nvm/v0.10.32/bin/npm" "install" "save-dev" "phantomjs"
67 error cwd /Users/mairead/Documents/emdeebeebee.com/emdeebeebee
68 error node -v v0.10.32
69 error npm -v 1.4.28
70 error code E404
71 verbose exit [ 1, true ]
